[INFO TIME:2022-09-10 15:22:33,085] 启动成功，开始监听群消息
[INFO TIME:2022-09-10 15:22:36,873] 345275
[INFO TIME:2022-09-10 15:22:36,873] 文件下载成功:gua_opencard211.js
[INFO TIME:2022-09-10 15:23:58,561] 启动成功，开始监听群消息
[INFO TIME:2022-09-10 15:24:02,514] 345275
[INFO TIME:2022-09-10 15:24:02,515] 文件下载成功:gua_opencard211.js
[INFO TIME:2022-09-10 15:24:03,682] git push
[INFO TIME:2022-09-10 15:24:51,542] 开卡群(-1001603206320)消息：删除 gua_opencard211.js
[INFO TIME:2022-09-10 15:24:53,261] git push
[INFO TIME:2022-09-10 15:25:43,591] 345275
[INFO TIME:2022-09-10 15:25:43,591] 文件下载成功:gua_opencard211.js
[INFO TIME:2022-09-10 15:25:44,361] git push
[INFO TIME:2022-09-10 16:34:07,821] 345275
[INFO TIME:2022-09-10 16:34:07,821] 文件下载成功:gua_opencard211.js
[INFO TIME:2022-09-10 16:34:08,602] git push
[INFO TIME:2022-09-10 16:34:26,321] 开卡群(-1001603206320)消息：删除 gua_opencard211.js
[INFO TIME:2022-09-10 16:34:28,196] git push
[INFO TIME:2022-09-10 18:26:45,785] 开卡群(-1001603206320)消息：1
[INFO TIME:2022-09-10 18:27:07,937] 345275
[INFO TIME:2022-09-10 18:27:07,937] 文件下载成功:gua_opencard211.js
[INFO TIME:2022-09-10 18:27:08,749] git push
[INFO TIME:2022-09-10 18:27:19,002] 开卡群(-1001603206320)消息：删除 gua_opencard211.js
[INFO TIME:2022-09-10 18:27:20,831] git push
[INFO TIME:2022-09-10 19:48:12,245] 启动成功，开始监听群消息
[INFO TIME:2022-09-10 19:48:16,288] 345275
[INFO TIME:2022-09-10 19:48:16,288] 文件下载成功:gua_opencard211.js
[INFO TIME:2022-09-10 19:48:17,078] git push
[INFO TIME:2022-09-10 19:48:31,116] 开卡群(-1001603206320)消息：删除 gua_opencard211.js
[INFO TIME:2022-09-10 19:48:32,897] git push
[INFO TIME:2022-09-10 20:51:36,772] 启动成功，开始监听群消息
[INFO TIME:2022-09-10 20:51:37,548] 开卡群(-1001603206320)消息：1
[INFO TIME:2022-09-10 20:51:40,767] 345275
[INFO TIME:2022-09-10 20:51:40,767] 文件下载成功:gua_opencard211.js
[INFO TIME:2022-09-10 20:51:41,575] git push
[INFO TIME:2022-09-10 20:51:59,608] 开卡群(-1001603206320)消息：删除 gua_opencard211.js
[INFO TIME:2022-09-10 20:52:01,577] git push
[INFO TIME:2022-09-10 20:54:28,084] 开卡群(-1001603206320)消息：2
[INFO TIME:2022-09-10 20:54:28,084] 开卡群(-1001603206320)消息：3
[INFO TIME:2022-09-10 21:07:35,937] 345275
[INFO TIME:2022-09-10 21:07:35,938] 文件下载成功:gua_opencard211.js
[INFO TIME:2022-09-10 21:07:36,714] git push
[INFO TIME:2022-09-10 21:14:28,851] 开卡群(-1001603206320)消息：删除 gua_opencard211.js
[INFO TIME:2022-09-10 21:14:30,655] git push
[INFO TIME:2022-09-10 21:18:43,189] 开卡群(-1001603206320)消息：111
[INFO TIME:2022-09-10 21:37:49,471] 开卡群(-1001603206320)消息：123
[INFO TIME:2022-09-10 22:19:33,998] 启动成功，开始监听群消息
[INFO TIME:2022-09-10 22:19:34,902] 开卡群(-1001603206320)消息：123
[INFO TIME:2022-09-10 22:22:12,903] 开卡群(-1001603206320)消息：111
[INFO TIME:2022-09-10 22:23:31,805] 开卡群(-1001603206320)消息：222
[INFO TIME:2022-09-10 22:24:13,268] 开卡群(-1001603206320)消息：357
[INFO TIME:2022-09-10 22:27:17,474] 启动成功，开始监听群消息
[INFO TIME:2022-09-10 22:28:56,126] 开卡群(-1001603206320)消息：1
[INFO TIME:2022-09-10 23:03:33,100] 启动成功，开始监听群消息
[INFO TIME:2022-09-10 23:38:33,079] 启动成功，开始监听群消息
[INFO TIME:2022-09-10 23:39:38,404] 开卡群(-1001603206320)消息：12
[INFO TIME:2022-09-10 23:50:49,879] 开卡群(-1001603206320)消息：123
[INFO TIME:2022-09-10 23:51:00,769] 345275
[INFO TIME:2022-09-10 23:51:00,769] 文件下载成功:gua_opencard211.js
[INFO TIME:2022-09-10 23:51:01,589] git push
[INFO TIME:2022-09-10 23:51:12,431] 开卡群(-1001603206320)消息：删除 gua_opencard211.js
[INFO TIME:2022-09-10 23:51:14,207] git push
[INFO TIME:2022-09-10 23:51:20,282] 开卡群(-1001603206320)消息：删除 gua_opencard211.js
[INFO TIME:2022-09-10 23:51:22,986] git push
[INFO TIME:2022-09-10 23:57:00,924] 启动成功，开始监听群消息
[INFO TIME:2022-09-10 23:59:08,524] 开卡群(-1001603206320)消息：123
[INFO TIME:2022-09-10 23:59:09,864] 开卡群(-1001603206320)消息：123
[INFO TIME:2022-09-11 00:57:01,018] 启动成功，开始监听群消息
[INFO TIME:2022-09-11 01:34:47,220] 网络异常
[INFO TIME:2022-09-11 01:34:49,780] 网络异常
[INFO TIME:2022-09-11 01:34:50,036] 网络异常
[INFO TIME:2022-09-11 01:57:01,120] 启动成功，开始监听群消息
[INFO TIME:2022-09-11 02:57:01,232] 启动成功，开始监听群消息
[INFO TIME:2022-09-11 03:01:06,228] 网络异常
[INFO TIME:2022-09-11 03:39:25,236] 网络异常
[INFO TIME:2022-09-11 03:57:01,337] 启动成功，开始监听群消息
[INFO TIME:2022-09-11 04:20:42,164] 网络异常
[INFO TIME:2022-09-11 04:20:43,444] 网络异常
[INFO TIME:2022-09-11 04:20:44,211] 网络异常
[INFO TIME:2022-09-11 04:20:45,108] 网络异常
[INFO TIME:2022-09-11 04:42:16,116] 网络异常
[INFO TIME:2022-09-11 04:42:16,756] 网络异常
[INFO TIME:2022-09-11 04:42:16,884] 网络异常
[INFO TIME:2022-09-11 04:42:19,955] 网络异常
[INFO TIME:2022-09-11 04:57:43,348] 网络异常
[INFO TIME:2022-09-11 04:57:43,348] 网络异常
[INFO TIME:2022-09-11 04:57:47,059] 网络异常
[INFO TIME:2022-09-11 06:36:42,386] 开卡群(-1001603206320)消息：666
[INFO TIME:2022-09-11 06:36:45,888] 开卡群(-1001603206320)消息：666
[INFO TIME:2022-09-11 06:37:31,528] 启动成功，开始监听群消息
[INFO TIME:2022-09-11 06:38:55,862] 345275
[INFO TIME:2022-09-11 06:38:55,862] 文件下载成功:gua_opencard211.js
[INFO TIME:2022-09-11 06:38:56,670] 345275
[INFO TIME:2022-09-11 06:38:56,670] 文件下载成功:gua_opencard211.js
[INFO TIME:2022-09-11 06:38:56,679] 网络异常
[INFO TIME:2022-09-11 06:38:57,438] git push
[INFO TIME:2022-09-11 06:38:58,205] 345275
[INFO TIME:2022-09-11 06:38:58,206] 文件下载成功:gua_opencard211.js
[INFO TIME:2022-09-11 06:38:59,065] git push
[INFO TIME:2022-09-11 06:39:03,484] 345275
[INFO TIME:2022-09-11 06:39:03,485] 文件下载成功:gua_opencard211.js
[INFO TIME:2022-09-11 06:39:04,272] git push
[INFO TIME:2022-09-11 06:39:27,093] 开卡群(-1001603206320)消息：删除 gua_opencard211.js
[INFO TIME:2022-09-11 06:39:28,474] 开卡群(-1001603206320)消息：删除 gua_opencard211.js
[INFO TIME:2022-09-11 06:39:28,794] git push
[INFO TIME:2022-09-11 06:39:29,197] 开卡群(-1001603206320)消息：删除 gua_opencard211.js
[INFO TIME:2022-09-11 06:39:31,114] git push
[INFO TIME:2022-09-11 06:39:31,756] 网络异常
[INFO TIME:2022-09-11 06:42:38,164] 启动成功，开始监听群消息
[INFO TIME:2022-09-11 06:42:53,890] 开卡群(-1001603206320)消息：111
[INFO TIME:2022-09-11 08:30:56,692] 网络异常
[INFO TIME:2022-09-11 08:33:06,996] 网络异常
[INFO TIME:2022-09-11 09:26:55,948] 345275
[INFO TIME:2022-09-11 09:26:55,948] 文件下载成功:gua_opencard211.js
[INFO TIME:2022-09-11 09:26:56,747] git push
[INFO TIME:2022-09-11 09:27:06,991] 开卡群(-1001603206320)消息：删除 gua_opencard211.js
[INFO TIME:2022-09-11 09:27:08,687] git push
[INFO TIME:2022-09-11 11:14:58,211] 启动成功，开始监听群消息
[INFO TIME:2022-09-11 11:15:02,312] 345275
[INFO TIME:2022-09-11 11:15:02,312] 文件下载成功:gua_opencard211.js
[INFO TIME:2022-09-11 11:15:03,101] git push
[INFO TIME:2022-09-11 11:15:05,765] 开卡群(-1001603206320)消息：111
[INFO TIME:2022-09-11 11:15:57,706] 启动成功，开始监听群消息
[INFO TIME:2022-09-11 11:16:01,914] 345275
[INFO TIME:2022-09-11 11:16:01,915] 文件下载成功:gua_opencard211.js
[INFO TIME:2022-09-11 11:16:02,734] git push
[INFO TIME:2022-09-11 11:16:05,085] 开卡群(-1001603206320)消息：111
[INFO TIME:2022-09-11 11:16:12,626] 开卡群(-1001603206320)消息：删除 gua_opencard211.js
[INFO TIME:2022-09-11 11:16:14,340] git push
[INFO TIME:2022-09-11 11:52:01,588] 网络异常
[INFO TIME:2022-09-11 13:22:29,044] 网络异常
[INFO TIME:2022-09-11 13:33:03,772] 开卡群(-1001603206320)消息：111
[INFO TIME:2022-09-11 13:33:18,310] 345275
[INFO TIME:2022-09-11 13:33:18,310] 文件下载成功:gua_opencard211.js
[INFO TIME:2022-09-11 13:33:19,093] git push
[INFO TIME:2022-09-11 13:33:52,255] 开卡群(-1001603206320)消息：删除 gua_opencard211.js
[INFO TIME:2022-09-11 13:33:53,990] git push
[INFO TIME:2022-09-11 14:07:42,132] 网络异常
[INFO TIME:2022-09-11 14:15:51,374] 开卡群(-1001603206320)消息：123
[INFO TIME:2022-09-11 14:41:37,552] 345275
[INFO TIME:2022-09-11 14:41:37,552] 文件下载成功:gua_opencard211.js
[INFO TIME:2022-09-11 14:41:38,368] git push
[INFO TIME:2022-09-11 14:41:45,096] 开卡群(-1001603206320)消息：删除 gua_opencard211.js
[INFO TIME:2022-09-11 14:41:46,826] git push
[INFO TIME:2022-09-11 15:52:10,319] 345275
[INFO TIME:2022-09-11 15:52:10,319] 文件下载成功:gua_opencard211.js
[INFO TIME:2022-09-11 15:52:11,132] git push
[INFO TIME:2022-09-11 15:52:18,315] 开卡群(-1001603206320)消息：删除 gua_opencard211.js
[INFO TIME:2022-09-11 15:52:20,077] git push
[INFO TIME:2022-09-11 16:40:57,652] 网络异常
[INFO TIME:2022-09-11 16:41:31,317] 345275
[INFO TIME:2022-09-11 16:41:31,317] 文件下载成功:gua_opencard211.js
[INFO TIME:2022-09-11 16:41:32,107] git push
[INFO TIME:2022-09-11 16:41:38,586] 开卡群(-1001603206320)消息：删除 gua_opencard211.js
[INFO TIME:2022-09-11 16:41:40,390] git push
[INFO TIME:2022-09-11 17:08:02,739] 网络异常
[INFO TIME:2022-09-11 17:10:13,043] 网络异常
[INFO TIME:2022-09-11 23:57:00,790] 启动成功，开始监听群消息
[INFO TIME:2022-09-11 23:57:04,680] 345275
[INFO TIME:2022-09-11 23:57:04,680] 文件下载成功:gua_opencard211.js
[INFO TIME:2022-09-11 23:57:05,441] git push
[INFO TIME:2022-09-12 00:34:05,492] 网络异常
[INFO TIME:2022-09-12 00:42:39,796] 网络异常
[INFO TIME:2022-09-12 01:49:38,611] 网络异常
[INFO TIME:2022-09-12 01:57:00,983] 启动成功，开始监听群消息
[INFO TIME:2022-09-12 03:28:55,860] 网络异常
[INFO TIME:2022-09-12 03:28:55,988] 网络异常
[INFO TIME:2022-09-12 04:09:37,332] 网络异常
[INFO TIME:2022-09-12 04:26:40,180] 网络异常
[INFO TIME:2022-09-12 04:26:40,180] 网络异常
[INFO TIME:2022-09-12 04:30:44,404] 网络异常
[INFO TIME:2022-09-12 04:30:44,659] 网络异常
[INFO TIME:2022-09-12 05:02:42,612] 网络异常
[INFO TIME:2022-09-12 05:02:42,612] 网络异常
[INFO TIME:2022-09-12 05:04:52,916] 网络异常
[INFO TIME:2022-09-12 05:04:52,916] 网络异常
[INFO TIME:2022-09-12 05:53:19,283] 网络异常
[INFO TIME:2022-09-12 05:53:19,283] 网络异常
[INFO TIME:2022-09-12 06:08:30,644] 网络异常
[INFO TIME:2022-09-12 06:25:01,364] 网络异常
[INFO TIME:2022-09-12 06:31:29,971] 网络异常
[INFO TIME:2022-09-12 06:52:57,139] 网络异常
[INFO TIME:2022-09-12 23:57:00,912] 启动成功，开始监听群消息
[INFO TIME:2022-09-13 01:57:01,102] 启动成功，开始监听群消息
[INFO TIME:2022-09-13 06:44:47,340] 网络异常
[INFO TIME:2022-09-13 06:51:37,651] 网络异常
[INFO TIME:2022-09-13 07:23:23,189] 网络异常
[INFO TIME:2022-09-13 07:29:27,663] 启动成功，开始监听群消息
[INFO TIME:2022-09-13 07:29:53,785] 9061158
[INFO TIME:2022-09-13 07:29:53,785] 文件下载成功:bbk.zip
[INFO TIME:2022-09-13 07:29:53,827] 9061158
[INFO TIME:2022-09-13 07:29:53,831] 文件下载成功:bbk.zip
[INFO TIME:2022-09-13 07:29:54,580] 网络异常
[INFO TIME:2022-09-13 07:29:54,869] git push
[INFO TIME:2022-09-13 07:30:02,349] 9061158
[INFO TIME:2022-09-13 07:30:02,351] 文件下载成功:bbk.zip
